0 info it worked if it ends with ok
1 verbose cli [ '/usr/bin/node', '/usr/bin/npm', 'i' ]
2 info using npm@1.4.28
3 info using node@v0.10.32
4 verbose node symlink /usr/bin/node
5 verbose readDependencies using package.json deps
6 verbose install where, deps [ '/home/sghose/projs/feedme', [ 'express' ] ]
7 info preinstall FeedMe@0.0.1
8 verbose readDependencies using package.json deps
9 verbose already installed skipping express@~4.9.x /home/sghose/projs/feedme
10 silly resolved []
11 info build /home/sghose/projs/feedme
12 verbose linkStuff [ false, false, false, '/home/sghose/projs' ]
13 info linkStuff FeedMe@0.0.1
14 verbose linkBins FeedMe@0.0.1
15 verbose linkMans FeedMe@0.0.1
16 verbose rebuildBundles FeedMe@0.0.1
17 verbose rebuildBundles [ '.bin', 'debug', 'express', 'jade' ]
18 verbose rebuild bundle /home/sghose/projs/feedme/node_modules/debug
19 info build /home/sghose/projs/feedme/node_modules/debug
20 info preinstall debug@2.0.0
21 verbose linkStuff [ false, false, false, '/home/sghose/projs/feedme/node_modules' ]
22 info linkStuff debug@2.0.0
23 verbose linkBins debug@2.0.0
24 verbose linkMans debug@2.0.0
25 verbose rebuildBundles debug@2.0.0
26 verbose rebuildBundles [ 'ms' ]
27 info install debug@2.0.0
28 info postinstall debug@2.0.0
29 verbose rebuild bundle /home/sghose/projs/feedme/node_modules/jade
30 info build /home/sghose/projs/feedme/node_modules/jade
31 info preinstall jade@1.7.0
32 verbose linkStuff [ false, false, false, '/home/sghose/projs/feedme/node_modules' ]
33 info linkStuff jade@1.7.0
34 verbose linkBins jade@1.7.0
35 verbose link bins [ { jade: './bin/jade.js' },
35 verbose link bins   '/home/sghose/projs/feedme/node_modules/.bin',
35 verbose link bins   false ]
36 verbose linkMans jade@1.7.0
37 verbose rebuildBundles jade@1.7.0
38 verbose rebuildBundles [ '.bin',
38 verbose rebuildBundles   'character-parser',
38 verbose rebuildBundles   'commander',
38 verbose rebuildBundles   'constantinople',
38 verbose rebuildBundles   'mkdirp',
38 verbose rebuildBundles   'monocle',
38 verbose rebuildBundles   'transformers',
38 verbose rebuildBundles   'void-elements',
38 verbose rebuildBundles   'with' ]
39 error Error: EACCES, unlink '/home/sghose/projs/feedme/node_modules/.bin/jade'
39 error  { [Error: EACCES, unlink '/home/sghose/projs/feedme/node_modules/.bin/jade']
39 error   errno: 3,
39 error   code: 'EACCES',
39 error   path: '/home/sghose/projs/feedme/node_modules/.bin/jade' }
40 error Please try running this command again as root/Administrator.
41 error System Linux 3.2.0-4-amd64
42 error command "/usr/bin/node" "/usr/bin/npm" "i"
43 error cwd /home/sghose/projs/feedme
44 error node -v v0.10.32
45 error npm -v 1.4.28
46 error path /home/sghose/projs/feedme/node_modules/.bin/jade
47 error code EACCES
48 error errno 3
49 error stack Error: EACCES, unlink '/home/sghose/projs/feedme/node_modules/.bin/jade'
50 verbose exit [ 3, true ]
